已經開始建置於 2015/5/3 下午 08:49:12。
     1>節點 2 (Build 目標) 上的專案 "D:\OneDrive\SourceTree\DeepLearning2015\HW2\VisualVersion\HW2\HW2\HW2.vcxproj"。
     1>ClCompile:
         C:\Program Files (x86)\Microsoft Visual Studio 12.0\VC\bin\CL.exe /c /ZI /nologo /W3 /WX- /sdl /Od /Oy- /D _CRT_SECURE_NO_WARNINGS /D _MBCS /Gm /EHsc /RTC1 /MDd /GS /fp:precise /Zc:wchar_t /Zc:forScope /Fo"Debug\\" /Fd"Debug\vc120.pdb" /Gd /TP /analyze- /errorReport:prompt svm_struct\svm_struct_classify.cpp svm_struct\svm_struct_learn.cpp svm_struct\svm_struct_main.cpp
         svm_struct_main.cpp
         svm_struct_learn.cpp
     1>d:\onedrive\sourcetree\deeplearning2015\hw2\visualversion\hw2\hw2\svm_struct\svm_struct_learn.cpp(278): warning C4244: '=' : 將 'double' 轉換為 'float'，由於類型不同，可能導致資料遺失
     1>d:\onedrive\sourcetree\deeplearning2015\hw2\visualversion\hw2\hw2\svm_struct\svm_struct_learn.cpp(519): warning C4244: '=' : 將 'double' 轉換為 'long'，由於類型不同，可能導致資料遺失
         svm_struct_classify.cpp
         正在產生程式碼...
       Link:
         C:\Program Files (x86)\Microsoft Visual Studio 12.0\VC\bin\link.exe /ERRORREPORT:PROMPT /OUT:"D:\OneDrive\SourceTree\DeepLearning2015\HW2\VisualVersion\HW2\Debug\HW2.exe" /INCREMENTAL /NOLOGO kernel32.lib user32.lib gdi32.lib winspool.lib comdlg32.lib advapi32.lib shell32.lib ole32.lib oleaut32.lib uuid.lib odbc32.lib odbccp32.lib /MANIFEST /MANIFESTUAC:"level='asInvoker' uiAccess='false'" /manifest:embed /DEBUG /PDB:"D:\OneDrive\SourceTree\DeepLearning2015\HW2\VisualVersion\HW2\Debug\HW2.pdb" /TLBID:1 /DYNAMICBASE /NXCOMPAT /IMPLIB:"D:\OneDrive\SourceTree\DeepLearning2015\HW2\VisualVersion\HW2\Debug\HW2.lib" /MACHINE:X86 Debug\pr_loqo.obj
         Debug\svm_classify.obj
         Debug\svm_common.obj
         Debug\svm_hideo.obj
         Debug\svm_learn.obj
         Debug\svm_loqo.obj
         Debug\svm_struct_classify.obj
         Debug\svm_struct_common.obj
         Debug\svm_struct_learn.obj
         Debug\svm_struct_main.obj
         Debug\svm_struct_api.obj
         Debug\svm_struct_learn_custom.obj
         HW2.vcxproj -> D:\OneDrive\SourceTree\DeepLearning2015\HW2\VisualVersion\HW2\Debug\HW2.exe
     1>專案 "D:\OneDrive\SourceTree\DeepLearning2015\HW2\VisualVersion\HW2\HW2\HW2.vcxproj" (Build 目標) 建置完成。

建置成功。

經過時間 00:00:01.87
