d:\onedrive\sourcetree\deeplearning2015\hw2\visualversion\hw2\hw2\release\vc120.pdb
d:\onedrive\sourcetree\deeplearning2015\hw2\visualversion\hw2\hw2\release\utility.obj
d:\onedrive\sourcetree\deeplearning2015\hw2\visualversion\hw2\hw2\release\svm_struct_learn_custom.obj
d:\onedrive\sourcetree\deeplearning2015\hw2\visualversion\hw2\hw2\release\svm_struct_main.obj
d:\onedrive\sourcetree\deeplearning2015\hw2\visualversion\hw2\hw2\release\svm_struct_learn.obj
d:\onedrive\sourcetree\deeplearning2015\hw2\visualversion\hw2\hw2\release\svm_struct_common.obj
d:\onedrive\sourcetree\deeplearning2015\hw2\visualversion\hw2\hw2\release\svm_struct_classify.obj
d:\onedrive\sourcetree\deeplearning2015\hw2\visualversion\hw2\hw2\release\svm_loqo.obj
d:\onedrive\sourcetree\deeplearning2015\hw2\visualversion\hw2\hw2\release\svm_learn.obj
d:\onedrive\sourcetree\deeplearning2015\hw2\visualversion\hw2\hw2\release\svm_hideo.obj
d:\onedrive\sourcetree\deeplearning2015\hw2\visualversion\hw2\hw2\release\svm_common.obj
d:\onedrive\sourcetree\deeplearning2015\hw2\visualversion\hw2\hw2\release\svm_classify.obj
d:\onedrive\sourcetree\deeplearning2015\hw2\visualversion\hw2\hw2\release\pr_loqo.obj
d:\onedrive\sourcetree\deeplearning2015\hw2\visualversion\hw2\hw2\release\svm_struct_api.obj
d:\onedrive\sourcetree\deeplearning2015\hw2\visualversion\hw2\release\hw2.exe
d:\onedrive\sourcetree\deeplearning2015\hw2\visualversion\hw2\release\hw2.pdb
d:\onedrive\sourcetree\deeplearning2015\hw2\visualversion\hw2\hw2\release\hw2.tlog\cl.command.1.tlog
d:\onedrive\sourcetree\deeplearning2015\hw2\visualversion\hw2\hw2\release\hw2.tlog\cl.read.1.tlog
d:\onedrive\sourcetree\deeplearning2015\hw2\visualversion\hw2\hw2\release\hw2.tlog\cl.write.1.tlog
d:\onedrive\sourcetree\deeplearning2015\hw2\visualversion\hw2\hw2\release\hw2.tlog\link.command.1.tlog
d:\onedrive\sourcetree\deeplearning2015\hw2\visualversion\hw2\hw2\release\hw2.tlog\link.read.1.tlog
d:\onedrive\sourcetree\deeplearning2015\hw2\visualversion\hw2\hw2\release\hw2.tlog\link.write.1.tlog
